
============================================================
  训练开始: 2026-03-09 21:09:15
============================================================
[21:09:15] GPU=NVIDIA GeForce GTX 1650 Ti  CUDA=12.4
[21:13:02] 模型参数=6,370,304  vocab=282
[21:13:04] TensorBoard 已启动: ./logs
[21:13:12] 初始 val_loss=6.1380
[21:54:01] step=   500  train=3.7431  val=2.2732  gap=-1.4699  best=2.2732  lr=1.00e-04  ★BEST
[22:42:48] step=  1000  train=2.8760  val=1.4788  gap=-1.3971  best=1.4788  lr=2.00e-04  ★BEST
[22:42:56] [PHASE 1] step=1000  train=2.8760  val=1.4788  gap=-1.3971  best=1.4788  gnorm=0.922  tps=2902  未改善  D_M=1.74  D_B=1.72  D_H=2.73

============================================================
  训练开始: 2026-03-09 23:12:48
============================================================
[23:12:48] GPU=NVIDIA GeForce GTX 1650 Ti  CUDA=12.4
[23:17:16] 模型参数=18,995,712  vocab=282
[23:17:18] TensorBoard 已启动: ./logs
[23:17:41] 初始 val_loss=7.7811
[00:56:15] step=   500  train=3.4063  val=1.6688  gap=-1.7375  best=1.6688  lr=1.00e-04  ★BEST
[02:32:54] step=  1000  train=2.5620  val=1.3067  gap=-1.2553  best=1.3067  lr=2.00e-04  ★BEST
[02:33:17] [PHASE 1] step=1000  train=2.5620  val=1.3067  gap=-1.2553  best=1.3067  gnorm=1.056  tps=1334  未改善  D_M=1.75  D_B=1.66  D_H=2.73
[04:10:35] step=  1500  train=1.4079  val=1.4239  gap=+0.0160  best=1.3067  lr=2.00e-04  
[05:48:02] step=  2000  train=1.2609  val=1.7002  gap=+0.4394  best=1.3067  lr=2.00e-04  
[05:48:24] [PHASE 2] step=2000  train=1.2609  val=1.7002  gap=+0.4394  best=1.3067  gnorm=1.047  tps=1337  未改善  D_M=1.75  D_B=1.66  D_H=2.73
[07:25:22] step=  2500  train=0.9125  val=1.9122  gap=+0.9997  best=1.3067  lr=2.00e-04  
[09:02:16] step=  3000  train=0.8460  val=2.0665  gap=+1.2205  best=1.3067  lr=2.00e-04  
[09:02:39] [PHASE 3] step=3000  train=0.8460  val=2.0665  gap=+1.2205  best=1.3067  gnorm=1.087  tps=1337  未改善  D_M=1.75  D_B=1.66  D_H=2.73
[10:39:31] step=  3500  train=0.6791  val=2.1970  gap=+1.5179  best=1.3067  lr=2.00e-04  
[12:16:51] step=  4000  train=0.6461  val=2.2519  gap=+1.6058  best=1.3067  lr=2.00e-04  
[12:17:14] [PHASE 4] step=4000  train=0.6461  val=2.2519  gap=+1.6058  best=1.3067  gnorm=0.850  tps=1335  未改善  D_M=1.75  D_B=1.66  D_H=2.73

============================================================
  训练开始: 2026-03-10 14:50:08
============================================================
[14:50:08] GPU=NVIDIA GeForce GTX 1650 Ti  CUDA=12.4
[14:55:02] 模型参数=19,004,544  vocab=305
[14:55:04] TensorBoard 已启动: ./logs
[14:57:25] 初始 val_loss=7.7562  ckpt=best_19M_20260310_1457.pt
[16:41:38] step=   500  train=3.4086  val=1.6715  gap=-1.7371  best=1.6715  lr=1.00e-04  ★BEST
[18:53:36] step=  1000  train=2.5533  val=1.3051  gap=-1.2482  best=1.3051  lr=2.00e-04  ★BEST
[18:53:59] [PHASE 1] step=1000  train=2.5533  val=1.3051  gap=-1.2482  best=1.3051  gnorm=1.030  tps=1250  未改善  D_M=1.69  D_B=1.70  D_H=2.76
